<?xml version="1.0" encoding="UTF-8"?>
<testng-results ignored="0" total="1" passed="1" failed="0" skipped="0">
  <reporter-output>
  </reporter-output>
  <suite started-at="2023-09-30T12:40:34 IST" name="Default suite" finished-at="2023-09-30T12:40:38 IST" duration-ms="4886">
    <groups>
    </groups>
    <test started-at="2023-09-30T12:40:34 IST" name="Default test" finished-at="2023-09-30T12:40:38 IST" duration-ms="4886">
      <class name="testscripts.Sample">
        <test-method signature="test()[pri:0, instance:testscripts.Sample@26425897]" started-at="2023-09-30T12:40:34 IST" name="test" finished-at="2023-09-30T12:40:38 IST" duration-ms="4855" status="PASS">
          <reporter-output>
          </reporter-output>
        </test-method> <!-- test -->
      </class> <!-- testscripts.Sample -->
    </test> <!-- Default test -->
  </suite> <!-- Default suite -->
</testng-results>
